# JRE version: OpenJDK Runtime Environment Temurin-17.0.4.1+1 (17.0.4.1+1) (build 17.0.4.1+1)
# Java VM: OpenJDK 64-Bit Server VM Temurin-17.0.4.1+1 (17.0.4.1+1, mixed mode, tiered, compressed oops, compressed class ptrs, g1 gc, bsd-amd64)
GC Precious Log:
 CPUs: 8 total, 8 available
 Memory: 16384M
 Large Page Support: Disabled
 NUMA Support: Disabled
 Compressed Oops: Enabled (Zero based)
 Heap Region Size: 2M
 Heap Min Capacity: 8M
 Heap Initial Capacity: 256M
 Heap Max Capacity: 4G
 Pre-touch: Disabled
 Parallel Workers: 8
 Concurrent Workers: 2
 Concurrent Refinement Workers: 8
 Periodic GC: Disabled
Heap:
 garbage-first heap   total 915456K, used 418816K [0x0000000700000000, 0x0000000800000000)
  region size 2048K, 29 young (59392K), 4 survivors (8192K)
 Metaspace       used 16753K, committed 16896K, reserved 1064960K
  class space    used 1570K, committed 1664K, reserved 1048576K
GC Heap History (14 events):
Event: 0.872 GC heap before
{Heap before GC invocations=0 (full 0):
 garbage-first heap   total 262144K, used 20480K [0x0000000700000000, 0x0000000800000000)
  region size 2048K, 11 young (22528K), 0 survivors (0K)
 Metaspace       used 11883K, committed 12096K, reserved 1064960K
  class space    used 1022K, committed 1152K, reserved 1048576K
}
Event: 0.881 GC heap after
{Heap after GC invocations=1 (full 0):
 garbage-first heap   total 262144K, used 2559K [0x0000000700000000, 0x0000000800000000)
  region size 2048K, 2 young (4096K), 2 survivors (4096K)
 Metaspace       used 11883K, committed 12096K, reserved 1064960K
  class space    used 1022K, committed 1152K, reserved 1048576K
}
Event: 1.102 GC heap before
{Heap before GC invocations=1 (full 0):
 garbage-first heap   total 262144K, used 23039K [0x0000000700000000, 0x0000000800000000)
  region size 2048K, 13 young (26624K), 2 survivors (4096K)
 Metaspace       used 14238K, committed 14336K, reserved 1064960K
  class space    used 1276K, committed 1344K, reserved 1048576K
}
Event: 1.110 GC heap after
{Heap after GC invocations=2 (full 0):
 garbage-first heap   total 262144K, used 3037K [0x0000000700000000, 0x0000000800000000)
  region size 2048K, 2 young (4096K), 2 survivors (4096K)
 Metaspace       used 14238K, committed 14336K, reserved 1064960K
  class space    used 1276K, committed 1344K, reserved 1048576K
}
Event: 1.351 GC heap before
{Heap before GC invocations=2 (full 0):
 garbage-first heap   total 262144K, used 234461K [0x0000000700000000, 0x0000000800000000)
  region size 2048K, 3 young (6144K), 2 survivors (4096K)
 Metaspace       used 14266K, committed 14400K, reserved 1064960K
  class space    used 1280K, committed 1344K, reserved 1048576K
}
Event: 1.353 GC heap after
{Heap after GC invocations=3 (full 0):
 garbage-first heap   total 262144K, used 234420K [0x0000000700000000, 0x0000000800000000)
  region size 2048K, 2 young (4096K), 2 survivors (4096K)
 Metaspace       used 14266K, committed 14400K, reserved 1064960K
  class space    used 1280K, committed 1344K, reserved 1048576K
}
Event: 1.576 GC heap before
{Heap before GC invocations=4 (full 0):
 garbage-first heap   total 778240K, used 474036K [0x0000000700000000, 0x0000000800000000)
  region size 2048K, 6 young (12288K), 2 survivors (4096K)
 Metaspace       used 15313K, committed 15488K, reserved 1064960K
  class space    used 1424K, committed 1536K, reserved 1048576K
}
Event: 1.585 GC heap after
{Heap after GC invocations=5 (full 0):
 garbage-first heap   total 778240K, used 234687K [0x0000000700000000, 0x0000000800000000)
  region size 2048K, 1 young (2048K), 1 survivors (2048K)
 Metaspace       used 15313K, committed 15488K, reserved 1064960K
  class space    used 1424K, committed 1536K, reserved 1048576K
}
Event: 2.606 GC heap before
{Heap before GC invocations=5 (full 0):
 garbage-first heap   total 778240K, used 484543K [0x0000000700000000, 0x0000000800000000)
  region size 2048K, 123 young (251904K), 1 survivors (2048K)
 Metaspace       used 15917K, committed 16000K, reserved 1064960K
  class space    used 1482K, committed 1536K, reserved 1048576K
}
Event: 2.647 GC heap after
{Heap after GC invocations=6 (full 0):
 garbage-first heap   total 778240K, used 319817K [0x0000000700000000, 0x0000000800000000)
  region size 2048K, 16 young (32768K), 16 survivors (32768K)
 Metaspace       used 15917K, committed 16000K, reserved 1064960K
  class space    used 1482K, committed 1536K, reserved 1048576K
}
Event: 2.855 GC heap before
{Heap before GC invocations=6 (full 0):
 garbage-first heap   total 778240K, used 407881K [0x0000000700000000, 0x0000000800000000)
  region size 2048K, 59 young (120832K), 16 survivors (32768K)
 Metaspace       used 15925K, committed 16000K, reserved 1064960K
  class space    used 1482K, committed 1536K, reserved 1048576K
}
Event: 2.869 GC heap after
{Heap after GC invocations=7 (full 0):
 garbage-first heap   total 915456K, used 354259K [0x0000000700000000, 0x0000000800000000)
  region size 2048K, 8 young (16384K), 8 survivors (16384K)
 Metaspace       used 15925K, committed 16000K, reserved 1064960K
  class space    used 1482K, committed 1536K, reserved 1048576K
}
Event: 2.966 GC heap before
{Heap before GC invocations=7 (full 0):
 garbage-first heap   total 915456K, used 389075K [0x0000000700000000, 0x0000000800000000)
  region size 2048K, 25 young (51200K), 8 survivors (16384K)
 Metaspace       used 15925K, committed 16000K, reserved 1064960K
  class space    used 1482K, committed 1536K, reserved 1048576K
}
Event: 2.972 GC heap after
{Heap after GC invocations=8 (full 0):
 garbage-first heap   total 915456K, used 369664K [0x0000000700000000, 0x0000000800000000)
  region size 2048K, 4 young (8192K), 4 survivors (8192K)
 Metaspace       used 15925K, committed 16000K, reserved 1064960K
  class space    used 1482K, committed 1536K, reserved 1048576K
}

